{"D:\\bootcamp-revou\\week11\\week-11-RPrasetyoB\\BE\\src\\config\\jwt.ts": {"path":"D:\\bootcamp-revou\\week11\\week-11-RPrasetyoB\\BE\\src\\config\\jwt.ts","statementMap":{"0":{"start":{"line":1,"column":13},"end":{"line":1,"column":null}}},"fnMap":{},"branchMap":{},"s":{"0":8},"f":{},"b":{}}
,"D:\\bootcamp-revou\\week11\\week-11-RPrasetyoB\\BE\\src\\config\\schema.ts": {"path":"D:\\bootcamp-revou\\week11\\week-11-RPrasetyoB\\BE\\src\\config\\schema.ts","statementMap":{"0":{"start":{"line":1,"column":0},"end":{"line":1,"column":32}},"1":{"start":{"line":3,"column":19},"end":{"line":18,"column":4}},"2":{"start":{"line":20,"column":13},"end":{"line":20,"column":61}},"3":{"start":{"line":22,"column":19},"end":{"line":40,"column":2}},"4":{"start":{"line":37,"column":27},"end":{"line":37,"column":61}},"5":{"start":{"line":42,"column":13},"end":{"line":42,"column":61}}},"fnMap":{"0":{"name":"(anonymous_1)","decl":{"start":{"line":37,"column":21},"end":{"line":37,"column":24}},"loc":{"start":{"line":37,"column":27},"end":{"line":37,"column":61}}}},"branchMap":{},"s":{"0":11,"1":11,"2":11,"3":11,"4":0,"5":11},"f":{"0":0},"b":{}}
,"D:\\bootcamp-revou\\week11\\week-11-RPrasetyoB\\BE\\src\\controllers\\task.controller.ts": {"path":"D:\\bootcamp-revou\\week11\\week-11-RPrasetyoB\\BE\\src\\controllers\\task.controller.ts","statementMap":{"0":{"start":{"line":2,"column":0},"end":{"line":2,"column":45}},"1":{"start":{"line":8,"column":19},"end":{"line":24,"column":1}},"2":{"start":{"line":9,"column":4},"end":{"line":23,"column":null}},"3":{"start":{"line":10,"column":21},"end":{"line":10,"column":76}},"4":{"start":{"line":12,"column":8},"end":{"line":16,"column":11}},"5":{"start":{"line":18,"column":8},"end":{"line":18,"column":27}},"6":{"start":{"line":19,"column":8},"end":{"line":22,"column":11}},"7":{"start":{"line":142,"column":21},"end":{"line":142,"column":31}},"8":{"start":{"line":26,"column":19},"end":{"line":48,"column":3}},"9":{"start":{"line":27,"column":4},"end":{"line":47,"column":null}},"10":{"start":{"line":28,"column":21},"end":{"line":28,"column":31}},"11":{"start":{"line":29,"column":19},"end":{"line":29,"column":47}},"12":{"start":{"line":30,"column":6},"end":{"line":34,"column":null}},"13":{"start":{"line":31,"column":8},"end":{"line":33,"column":null}},"14":{"start":{"line":36,"column":6},"end":{"line":40,"column":9}},"15":{"start":{"line":42,"column":6},"end":{"line":42,"column":25}},"16":{"start":{"line":43,"column":6},"end":{"line":46,"column":9}},"17":{"start":{"line":142,"column":45},"end":{"line":142,"column":55}},"18":{"start":{"line":50,"column":19},"end":{"line":64,"column":1}},"19":{"start":{"line":51,"column":4},"end":{"line":63,"column":null}},"20":{"start":{"line":52,"column":24},"end":{"line":52,"column":32}},"21":{"start":{"line":54,"column":24},"end":{"line":54,"column":56}},"22":{"start":{"line":55,"column":8},"end":{"line":59,"column":null}},"23":{"start":{"line":61,"column":8},"end":{"line":61,"column":27}},"24":{"start":{"line":62,"column":8},"end":{"line":62,"column":null}},"25":{"start":{"line":142,"column":9},"end":{"line":142,"column":19}},"26":{"start":{"line":66,"column":19},"end":{"line":112,"column":3}},"27":{"start":{"line":67,"column":4},"end":{"line":111,"column":null}},"28":{"start":{"line":68,"column":21},"end":{"line":68,"column":31}},"29":{"start":{"line":69,"column":25},"end":{"line":69,"column":33}},"30":{"start":{"line":70,"column":20},"end":{"line":70,"column":36}},"31":{"start":{"line":72,"column":6},"end":{"line":72,"column":null}},"32":{"start":{"line":73,"column":6},"end":{"line":81,"column":null}},"33":{"start":{"line":74,"column":8},"end":{"line":74,"column":112}},"34":{"start":{"line":75,"column":13},"end":{"line":81,"column":null}},"35":{"start":{"line":76,"column":8},"end":{"line":76,"column":66}},"36":{"start":{"line":78,"column":8},"end":{"line":80,"column":11}},"37":{"start":{"line":83,"column":6},"end":{"line":104,"column":null}},"38":{"start":{"line":84,"column":30},"end":{"line":84,"column":88}},"39":{"start":{"line":86,"column":8},"end":{"line":99,"column":null}},"40":{"start":{"line":87,"column":10},"end":{"line":93,"column":13}},"41":{"start":{"line":95,"column":10},"end":{"line":98,"column":13}},"42":{"start":{"line":101,"column":8},"end":{"line":103,"column":11}},"43":{"start":{"line":106,"column":6},"end":{"line":106,"column":49}},"44":{"start":{"line":107,"column":6},"end":{"line":110,"column":9}},"45":{"start":{"line":142,"column":33},"end":{"line":142,"column":43}},"46":{"start":{"line":114,"column":19},"end":{"line":139,"column":1}},"47":{"start":{"line":115,"column":4},"end":{"line":138,"column":null}},"48":{"start":{"line":116,"column":23},"end":{"line":116,"column":33}},"49":{"start":{"line":118,"column":28},"end":{"line":118,"column":109}},"50":{"start":{"line":120,"column":8},"end":{"line":131,"column":null}},"51":{"start":{"line":121,"column":12},"end":{"line":125,"column":15}},"52":{"start":{"line":127,"column":12},"end":{"line":130,"column":15}},"53":{"start":{"line":133,"column":8},"end":{"line":133,"column":58}},"54":{"start":{"line":134,"column":8},"end":{"line":137,"column":11}},"55":{"start":{"line":142,"column":57},"end":{"line":142,"column":67}}},"fnMap":{"0":{"name":"(anonymous_0)","decl":{"start":{"line":8,"column":19},"end":{"line":8,"column":24}},"loc":{"start":{"line":8,"column":57},"end":{"line":24,"column":1}}},"1":{"name":"(anonymous_1)","decl":{"start":{"line":26,"column":19},"end":{"line":26,"column":24}},"loc":{"start":{"line":26,"column":57},"end":{"line":48,"column":3}}},"2":{"name":"(anonymous_2)","decl":{"start":{"line":50,"column":19},"end":{"line":50,"column":24}},"loc":{"start":{"line":50,"column":57},"end":{"line":64,"column":1}}},"3":{"name":"(anonymous_3)","decl":{"start":{"line":66,"column":19},"end":{"line":66,"column":24}},"loc":{"start":{"line":66,"column":57},"end":{"line":112,"column":3}}},"4":{"name":"(anonymous_4)","decl":{"start":{"line":114,"column":19},"end":{"line":114,"column":24}},"loc":{"start":{"line":114,"column":57},"end":{"line":139,"column":1}}}},"branchMap":{"0":{"loc":{"start":{"line":30,"column":6},"end":{"line":34,"column":null}},"type":"if","locations":[{"start":{"line":30,"column":6},"end":{"line":34,"column":null}}]},"1":{"loc":{"start":{"line":73,"column":6},"end":{"line":81,"column":null}},"type":"if","locations":[{"start":{"line":73,"column":6},"end":{"line":81,"column":null}},{"start":{"line":75,"column":13},"end":{"line":81,"column":null}}]},"2":{"loc":{"start":{"line":75,"column":13},"end":{"line":81,"column":null}},"type":"if","locations":[{"start":{"line":75,"column":13},"end":{"line":81,"column":null}},{"start":{"line":77,"column":13},"end":{"line":81,"column":null}}]},"3":{"loc":{"start":{"line":83,"column":6},"end":{"line":104,"column":null}},"type":"if","locations":[{"start":{"line":83,"column":6},"end":{"line":104,"column":null}},{"start":{"line":100,"column":13},"end":{"line":104,"column":null}}]},"4":{"loc":{"start":{"line":86,"column":8},"end":{"line":99,"column":null}},"type":"if","locations":[{"start":{"line":86,"column":8},"end":{"line":99,"column":null}},{"start":{"line":94,"column":15},"end":{"line":99,"column":null}}]},"5":{"loc":{"start":{"line":120,"column":8},"end":{"line":131,"column":null}},"type":"if","locations":[{"start":{"line":120,"column":8},"end":{"line":131,"column":null}},{"start":{"line":126,"column":15},"end":{"line":131,"column":null}}]}},"s":{"0":5,"1":5,"2":2,"3":2,"4":1,"5":1,"6":1,"7":5,"8":5,"9":3,"10":3,"11":3,"12":2,"13":1,"14":1,"15":1,"16":1,"17":5,"18":5,"19":2,"20":2,"21":2,"22":1,"23":1,"24":1,"25":5,"26":5,"27":1,"28":1,"29":1,"30":1,"31":1,"32":1,"33":1,"34":0,"35":0,"36":0,"37":1,"38":1,"39":1,"40":1,"41":0,"42":0,"43":0,"44":0,"45":5,"46":5,"47":3,"48":3,"49":3,"50":2,"51":1,"52":1,"53":1,"54":1,"55":5},"f":{"0":2,"1":3,"2":2,"3":1,"4":3},"b":{"0":[1],"1":[1,0],"2":[0,0],"3":[1,0],"4":[1,0],"5":[1,1]}}
,"D:\\bootcamp-revou\\week11\\week-11-RPrasetyoB\\BE\\src\\controllers\\user.controller.ts": {"path":"D:\\bootcamp-revou\\week11\\week-11-RPrasetyoB\\BE\\src\\controllers\\user.controller.ts","statementMap":{"0":{"start":{"line":2,"column":0},"end":{"line":2,"column":45}},"1":{"start":{"line":3,"column":0},"end":{"line":3,"column":27}},"2":{"start":{"line":4,"column":0},"end":{"line":4,"column":31}},"3":{"start":{"line":5,"column":0},"end":{"line":5,"column":41}},"4":{"start":{"line":9,"column":20},"end":{"line":25,"column":1}},"5":{"start":{"line":10,"column":2},"end":{"line":24,"column":null}},"6":{"start":{"line":11,"column":17},"end":{"line":11,"column":41}},"7":{"start":{"line":13,"column":4},"end":{"line":17,"column":7}},"8":{"start":{"line":19,"column":4},"end":{"line":19,"column":23}},"9":{"start":{"line":20,"column":4},"end":{"line":23,"column":7}},"10":{"start":{"line":254,"column":9},"end":{"line":254,"column":20}},"11":{"start":{"line":28,"column":19},"end":{"line":50,"column":1}},"12":{"start":{"line":29,"column":4},"end":{"line":49,"column":null}},"13":{"start":{"line":30,"column":21},"end":{"line":30,"column":31}},"14":{"start":{"line":31,"column":19},"end":{"line":31,"column":47}},"15":{"start":{"line":32,"column":6},"end":{"line":36,"column":null}},"16":{"start":{"line":33,"column":8},"end":{"line":35,"column":null}},"17":{"start":{"line":38,"column":6},"end":{"line":42,"column":9}},"18":{"start":{"line":44,"column":4},"end":{"line":44,"column":40}},"19":{"start":{"line":45,"column":4},"end":{"line":48,"column":7}},"20":{"start":{"line":254,"column":22},"end":{"line":254,"column":32}},"21":{"start":{"line":53,"column":16},"end":{"line":105,"column":1}},"22":{"start":{"line":54,"column":2},"end":{"line":104,"column":null}},"23":{"start":{"line":55,"column":46},"end":{"line":55,"column":54}},"24":{"start":{"line":56,"column":4},"end":{"line":61,"column":null}},"25":{"start":{"line":57,"column":6},"end":{"line":60,"column":9}},"26":{"start":{"line":63,"column":4},"end":{"line":68,"column":null}},"27":{"start":{"line":64,"column":6},"end":{"line":67,"column":9}},"28":{"start":{"line":70,"column":4},"end":{"line":75,"column":null}},"29":{"start":{"line":71,"column":6},"end":{"line":74,"column":9}},"30":{"start":{"line":77,"column":4},"end":{"line":82,"column":null}},"31":{"start":{"line":78,"column":6},"end":{"line":81,"column":9}},"32":{"start":{"line":84,"column":25},"end":{"line":84,"column":62}},"33":{"start":{"line":86,"column":4},"end":{"line":91,"column":null}},"34":{"start":{"line":87,"column":6},"end":{"line":90,"column":9}},"35":{"start":{"line":93,"column":23},"end":{"line":93,"column":54}},"36":{"start":{"line":95,"column":20},"end":{"line":95,"column":89}},"37":{"start":{"line":96,"column":4},"end":{"line":100,"column":7}},"38":{"start":{"line":102,"column":4},"end":{"line":102,"column":23}},"39":{"start":{"line":103,"column":4},"end":{"line":103,"column":70}},"40":{"start":{"line":254,"column":34},"end":{"line":254,"column":41}},"41":{"start":{"line":108,"column":18},"end":{"line":145,"column":1}},"42":{"start":{"line":109,"column":2},"end":{"line":144,"column":null}},"43":{"start":{"line":110,"column":35},"end":{"line":110,"column":43}},"44":{"start":{"line":111,"column":17},"end":{"line":111,"column":54}},"45":{"start":{"line":113,"column":4},"end":{"line":118,"column":null}},"46":{"start":{"line":114,"column":6},"end":{"line":117,"column":9}},"47":{"start":{"line":120,"column":30},"end":{"line":120,"column":75}},"48":{"start":{"line":122,"column":23},"end":{"line":122,"column":40}},"49":{"start":{"line":123,"column":17},"end":{"line":123,"column":26}},"50":{"start":{"line":125,"column":4},"end":{"line":138,"column":null}},"51":{"start":{"line":126,"column":20},"end":{"line":126,"column":98}},"52":{"start":{"line":127,"column":6},"end":{"line":132,"column":9}},"53":{"start":{"line":134,"column":6},"end":{"line":137,"column":9}},"54":{"start":{"line":140,"column":4},"end":{"line":140,"column":23}},"55":{"start":{"line":141,"column":4},"end":{"line":143,"column":7}},"56":{"start":{"line":254,"column":43},"end":{"line":254,"column":52}},"57":{"start":{"line":149,"column":19},"end":{"line":173,"column":1}},"58":{"start":{"line":150,"column":2},"end":{"line":172,"column":null}},"59":{"start":{"line":151,"column":15},"end":{"line":151,"column":28}},"60":{"start":{"line":152,"column":24},"end":{"line":152,"column":61}},"61":{"start":{"line":154,"column":4},"end":{"line":166,"column":null}},"62":{"start":{"line":155,"column":8},"end":{"line":159,"column":null}},"63":{"start":{"line":161,"column":8},"end":{"line":165,"column":null}},"64":{"start":{"line":168,"column":4},"end":{"line":168,"column":45}},"65":{"start":{"line":169,"column":4},"end":{"line":171,"column":7}},"66":{"start":{"line":254,"column":54},"end":{"line":254,"column":64}},"67":{"start":{"line":176,"column":19},"end":{"line":251,"column":1}},"68":{"start":{"line":177,"column":2},"end":{"line":250,"column":null}},"69":{"start":{"line":179,"column":19},"end":{"line":179,"column":32}},"70":{"start":{"line":180,"column":20},"end":{"line":180,"column":28}},"71":{"start":{"line":181,"column":41},"end":{"line":181,"column":48}},"72":{"start":{"line":183,"column":4},"end":{"line":188,"column":null}},"73":{"start":{"line":184,"column":7},"end":{"line":187,"column":10}},"74":{"start":{"line":190,"column":25},"end":{"line":190,"column":62}},"75":{"start":{"line":192,"column":4},"end":{"line":197,"column":null}},"76":{"start":{"line":193,"column":6},"end":{"line":196,"column":9}},"77":{"start":{"line":199,"column":4},"end":{"line":204,"column":null}},"78":{"start":{"line":200,"column":6},"end":{"line":203,"column":9}},"79":{"start":{"line":206,"column":4},"end":{"line":211,"column":null}},"80":{"start":{"line":207,"column":6},"end":{"line":210,"column":9}},"81":{"start":{"line":213,"column":4},"end":{"line":218,"column":null}},"82":{"start":{"line":214,"column":6},"end":{"line":217,"column":9}},"83":{"start":{"line":220,"column":4},"end":{"line":222,"column":null}},"84":{"start":{"line":221,"column":6},"end":{"line":221,"column":65}},"85":{"start":{"line":224,"column":24},"end":{"line":224,"column":89}},"86":{"start":{"line":226,"column":4},"end":{"line":243,"column":null}},"87":{"start":{"line":227,"column":6},"end":{"line":236,"column":9}},"88":{"start":{"line":238,"column":6},"end":{"line":242,"column":9}},"89":{"start":{"line":245,"column":4},"end":{"line":245,"column":47}},"90":{"start":{"line":246,"column":4},"end":{"line":249,"column":7}},"91":{"start":{"line":254,"column":66},"end":{"line":254,"column":76}}},"fnMap":{"0":{"name":"(anonymous_1)","decl":{"start":{"line":9,"column":20},"end":{"line":9,"column":25}},"loc":{"start":{"line":9,"column":58},"end":{"line":25,"column":1}}},"1":{"name":"(anonymous_2)","decl":{"start":{"line":28,"column":19},"end":{"line":28,"column":24}},"loc":{"start":{"line":28,"column":57},"end":{"line":50,"column":1}}},"2":{"name":"(anonymous_3)","decl":{"start":{"line":53,"column":16},"end":{"line":53,"column":21}},"loc":{"start":{"line":53,"column":55},"end":{"line":105,"column":1}}},"3":{"name":"(anonymous_4)","decl":{"start":{"line":108,"column":18},"end":{"line":108,"column":23}},"loc":{"start":{"line":108,"column":56},"end":{"line":145,"column":1}}},"4":{"name":"(anonymous_5)","decl":{"start":{"line":149,"column":19},"end":{"line":149,"column":24}},"loc":{"start":{"line":149,"column":57},"end":{"line":173,"column":1}}},"5":{"name":"(anonymous_6)","decl":{"start":{"line":176,"column":19},"end":{"line":176,"column":24}},"loc":{"start":{"line":176,"column":57},"end":{"line":251,"column":1}}}},"branchMap":{"0":{"loc":{"start":{"line":32,"column":6},"end":{"line":36,"column":null}},"type":"if","locations":[{"start":{"line":32,"column":6},"end":{"line":36,"column":null}}]},"1":{"loc":{"start":{"line":56,"column":4},"end":{"line":61,"column":null}},"type":"if","locations":[{"start":{"line":56,"column":4},"end":{"line":61,"column":null}}]},"2":{"loc":{"start":{"line":63,"column":4},"end":{"line":68,"column":null}},"type":"if","locations":[{"start":{"line":63,"column":4},"end":{"line":68,"column":null}}]},"3":{"loc":{"start":{"line":70,"column":4},"end":{"line":75,"column":null}},"type":"if","locations":[{"start":{"line":70,"column":4},"end":{"line":75,"column":null}}]},"4":{"loc":{"start":{"line":77,"column":4},"end":{"line":82,"column":null}},"type":"if","locations":[{"start":{"line":77,"column":4},"end":{"line":82,"column":null}}]},"5":{"loc":{"start":{"line":86,"column":4},"end":{"line":91,"column":null}},"type":"if","locations":[{"start":{"line":86,"column":4},"end":{"line":91,"column":null}}]},"6":{"loc":{"start":{"line":113,"column":4},"end":{"line":118,"column":null}},"type":"if","locations":[{"start":{"line":113,"column":4},"end":{"line":118,"column":null}}]},"7":{"loc":{"start":{"line":125,"column":4},"end":{"line":138,"column":null}},"type":"if","locations":[{"start":{"line":125,"column":4},"end":{"line":138,"column":null}},{"start":{"line":133,"column":11},"end":{"line":138,"column":null}}]},"8":{"loc":{"start":{"line":154,"column":4},"end":{"line":166,"column":null}},"type":"if","locations":[{"start":{"line":154,"column":4},"end":{"line":166,"column":null}},{"start":{"line":160,"column":11},"end":{"line":166,"column":null}}]},"9":{"loc":{"start":{"line":183,"column":4},"end":{"line":188,"column":null}},"type":"if","locations":[{"start":{"line":183,"column":4},"end":{"line":188,"column":null}}]},"10":{"loc":{"start":{"line":192,"column":4},"end":{"line":197,"column":null}},"type":"if","locations":[{"start":{"line":192,"column":4},"end":{"line":197,"column":null}}]},"11":{"loc":{"start":{"line":192,"column":8},"end":{"line":192,"column":62}},"type":"binary-expr","locations":[{"start":{"line":192,"column":8},"end":{"line":192,"column":20}},{"start":{"line":192,"column":24},"end":{"line":192,"column":62}}]},"12":{"loc":{"start":{"line":199,"column":4},"end":{"line":204,"column":null}},"type":"if","locations":[{"start":{"line":199,"column":4},"end":{"line":204,"column":null}}]},"13":{"loc":{"start":{"line":206,"column":4},"end":{"line":211,"column":null}},"type":"if","locations":[{"start":{"line":206,"column":4},"end":{"line":211,"column":null}}]},"14":{"loc":{"start":{"line":206,"column":8},"end":{"line":206,"column":39}},"type":"binary-expr","locations":[{"start":{"line":206,"column":8},"end":{"line":206,"column":16}},{"start":{"line":206,"column":20},"end":{"line":206,"column":39}}]},"15":{"loc":{"start":{"line":213,"column":4},"end":{"line":218,"column":null}},"type":"if","locations":[{"start":{"line":213,"column":4},"end":{"line":218,"column":null}}]},"16":{"loc":{"start":{"line":213,"column":8},"end":{"line":213,"column":63}},"type":"binary-expr","locations":[{"start":{"line":213,"column":8},"end":{"line":213,"column":16}},{"start":{"line":213,"column":20},"end":{"line":213,"column":63}}]},"17":{"loc":{"start":{"line":220,"column":4},"end":{"line":222,"column":null}},"type":"if","locations":[{"start":{"line":220,"column":4},"end":{"line":222,"column":null}}]},"18":{"loc":{"start":{"line":226,"column":4},"end":{"line":243,"column":null}},"type":"if","locations":[{"start":{"line":226,"column":4},"end":{"line":243,"column":null}},{"start":{"line":237,"column":11},"end":{"line":243,"column":null}}]}},"s":{"0":6,"1":6,"2":6,"3":6,"4":6,"5":2,"6":2,"7":1,"8":1,"9":1,"10":6,"11":6,"12":3,"13":3,"14":3,"15":2,"16":1,"17":1,"18":1,"19":1,"20":6,"21":6,"22":1,"23":1,"24":1,"25":0,"26":1,"27":0,"28":1,"29":0,"30":1,"31":0,"32":1,"33":1,"34":0,"35":1,"36":1,"37":1,"38":0,"39":0,"40":6,"41":6,"42":1,"43":1,"44":1,"45":1,"46":0,"47":1,"48":1,"49":1,"50":1,"51":1,"52":1,"53":0,"54":0,"55":0,"56":6,"57":6,"58":3,"59":3,"60":3,"61":2,"62":1,"63":1,"64":1,"65":1,"66":6,"67":6,"68":2,"69":2,"70":2,"71":2,"72":2,"73":0,"74":2,"75":2,"76":0,"77":2,"78":0,"79":2,"80":0,"81":2,"82":0,"83":2,"84":2,"85":2,"86":2,"87":1,"88":1,"89":0,"90":0,"91":6},"f":{"0":2,"1":3,"2":1,"3":1,"4":3,"5":2},"b":{"0":[1],"1":[0],"2":[0],"3":[0],"4":[0],"5":[0],"6":[0],"7":[1,0],"8":[1,1],"9":[0],"10":[0],"11":[2,0],"12":[0],"13":[0],"14":[2,2],"15":[0],"16":[2,2],"17":[2],"18":[1,1]}}
,"D:\\bootcamp-revou\\week11\\week-11-RPrasetyoB\\BE\\src\\middlewares\\role.access.ts": {"path":"D:\\bootcamp-revou\\week11\\week-11-RPrasetyoB\\BE\\src\\middlewares\\role.access.ts","statementMap":{"0":{"start":{"line":2,"column":0},"end":{"line":2,"column":40}},"1":{"start":{"line":3,"column":0},"end":{"line":3,"column":30}},"2":{"start":{"line":5,"column":17},"end":{"line":29,"column":3}},"3":{"start":{"line":6,"column":23},"end":{"line":6,"column":48}},"4":{"start":{"line":8,"column":4},"end":{"line":28,"column":null}},"5":{"start":{"line":9,"column":6},"end":{"line":9,"column":null}},"6":{"start":{"line":11,"column":20},"end":{"line":11,"column":44}},"7":{"start":{"line":12,"column":6},"end":{"line":27,"column":null}},"8":{"start":{"line":13,"column":36},"end":{"line":13,"column":97}},"9":{"start":{"line":14,"column":9},"end":{"line":14,"column":46}},"10":{"start":{"line":16,"column":8},"end":{"line":20,"column":null}},"11":{"start":{"line":17,"column":10},"end":{"line":17,"column":null}},"12":{"start":{"line":19,"column":10},"end":{"line":19,"column":null}},"13":{"start":{"line":22,"column":8},"end":{"line":22,"column":51}},"14":{"start":{"line":23,"column":8},"end":{"line":26,"column":11}},"15":{"start":{"line":57,"column":9},"end":{"line":57,"column":17}},"16":{"start":{"line":31,"column":20},"end":{"line":54,"column":3}},"17":{"start":{"line":32,"column":23},"end":{"line":32,"column":48}},"18":{"start":{"line":34,"column":4},"end":{"line":53,"column":null}},"19":{"start":{"line":35,"column":6},"end":{"line":35,"column":null}},"20":{"start":{"line":37,"column":20},"end":{"line":37,"column":44}},"21":{"start":{"line":39,"column":6},"end":{"line":52,"column":null}},"22":{"start":{"line":40,"column":36},"end":{"line":40,"column":63}},"23":{"start":{"line":41,"column":8},"end":{"line":45,"column":null}},"24":{"start":{"line":42,"column":10},"end":{"line":42,"column":null}},"25":{"start":{"line":44,"column":10},"end":{"line":44,"column":null}},"26":{"start":{"line":47,"column":8},"end":{"line":47,"column":51}},"27":{"start":{"line":48,"column":8},"end":{"line":51,"column":11}},"28":{"start":{"line":57,"column":19},"end":{"line":57,"column":30}}},"fnMap":{"0":{"name":"(anonymous_1)","decl":{"start":{"line":5,"column":17},"end":{"line":5,"column":22}},"loc":{"start":{"line":5,"column":75},"end":{"line":29,"column":3}}},"1":{"name":"(anonymous_2)","decl":{"start":{"line":31,"column":20},"end":{"line":31,"column":25}},"loc":{"start":{"line":31,"column":78},"end":{"line":54,"column":3}}}},"branchMap":{"0":{"loc":{"start":{"line":8,"column":4},"end":{"line":28,"column":null}},"type":"if","locations":[{"start":{"line":8,"column":4},"end":{"line":28,"column":null}},{"start":{"line":10,"column":11},"end":{"line":28,"column":null}}]},"1":{"loc":{"start":{"line":16,"column":8},"end":{"line":20,"column":null}},"type":"if","locations":[{"start":{"line":16,"column":8},"end":{"line":20,"column":null}},{"start":{"line":18,"column":15},"end":{"line":20,"column":null}}]},"2":{"loc":{"start":{"line":16,"column":12},"end":{"line":16,"column":79}},"type":"binary-expr","locations":[{"start":{"line":16,"column":12},"end":{"line":16,"column":43}},{"start":{"line":16,"column":47},"end":{"line":16,"column":79}}]},"3":{"loc":{"start":{"line":34,"column":4},"end":{"line":53,"column":null}},"type":"if","locations":[{"start":{"line":34,"column":4},"end":{"line":53,"column":null}},{"start":{"line":36,"column":11},"end":{"line":53,"column":null}}]},"4":{"loc":{"start":{"line":41,"column":8},"end":{"line":45,"column":null}},"type":"if","locations":[{"start":{"line":41,"column":8},"end":{"line":45,"column":null}},{"start":{"line":43,"column":15},"end":{"line":45,"column":null}}]}},"s":{"0":2,"1":2,"2":2,"3":4,"4":4,"5":0,"6":4,"7":4,"8":4,"9":3,"10":3,"11":2,"12":1,"13":1,"14":1,"15":2,"16":2,"17":3,"18":3,"19":0,"20":3,"21":3,"22":3,"23":2,"24":1,"25":1,"26":1,"27":1,"28":2},"f":{"0":4,"1":3},"b":{"0":[0,4],"1":[2,1],"2":[3,2],"3":[0,3],"4":[1,1]}}
}
