TN:
SF:src\config\jwt.ts
FNF:0
FNH:0
DA:1,8
LF:1
LH:1
BRF:0
BRH:0
end_of_record
TN:
SF:src\config\schema.ts
FN:37,(anonymous_1)
FNF:1
FNH:0
FNDA:0,(anonymous_1)
DA:1,11
DA:3,11
DA:20,11
DA:22,11
DA:37,0
DA:42,11
LF:6
LH:5
BRF:0
BRH:0
end_of_record
TN:
SF:src\controllers\task.controller.ts
FN:8,(anonymous_0)
FN:26,(anonymous_1)
FN:50,(anonymous_2)
FN:66,(anonymous_3)
FN:114,(anonymous_4)
FNF:5
FNH:5
FNDA:2,(anonymous_0)
FNDA:3,(anonymous_1)
FNDA:2,(anonymous_2)
FNDA:1,(anonymous_3)
FNDA:3,(anonymous_4)
DA:2,5
DA:8,5
DA:9,2
DA:10,2
DA:12,1
DA:18,1
DA:19,1
DA:26,5
DA:27,3
DA:28,3
DA:29,3
DA:30,2
DA:31,1
DA:36,1
DA:42,1
DA:43,1
DA:50,5
DA:51,2
DA:52,2
DA:54,2
DA:55,1
DA:61,1
DA:62,1
DA:66,5
DA:67,1
DA:68,1
DA:69,1
DA:70,1
DA:72,1
DA:73,1
DA:74,1
DA:75,0
DA:76,0
DA:78,0
DA:83,1
DA:84,1
DA:86,1
DA:87,1
DA:95,0
DA:101,0
DA:106,0
DA:107,0
DA:114,5
DA:115,3
DA:116,3
DA:118,3
DA:120,2
DA:121,1
DA:127,1
DA:133,1
DA:134,1
DA:142,5
LF:52
LH:45
BRDA:30,0,0,1
BRDA:73,1,0,1
BRDA:73,1,1,0
BRDA:75,2,0,0
BRDA:75,2,1,0
BRDA:83,3,0,1
BRDA:83,3,1,0
BRDA:86,4,0,1
BRDA:86,4,1,0
BRDA:120,5,0,1
BRDA:120,5,1,1
BRF:11
BRH:6
end_of_record
TN:
SF:src\controllers\user.controller.ts
FN:9,(anonymous_1)
FN:28,(anonymous_2)
FN:53,(anonymous_3)
FN:108,(anonymous_4)
FN:149,(anonymous_5)
FN:176,(anonymous_6)
FNF:6
FNH:6
FNDA:2,(anonymous_1)
FNDA:3,(anonymous_2)
FNDA:1,(anonymous_3)
FNDA:1,(anonymous_4)
FNDA:3,(anonymous_5)
FNDA:2,(anonymous_6)
DA:2,6
DA:3,6
DA:4,6
DA:5,6
DA:9,6
DA:10,2
DA:11,2
DA:13,1
DA:19,1
DA:20,1
DA:28,6
DA:29,3
DA:30,3
DA:31,3
DA:32,2
DA:33,1
DA:38,1
DA:44,1
DA:45,1
DA:53,6
DA:54,1
DA:55,1
DA:56,1
DA:57,0
DA:63,1
DA:64,0
DA:70,1
DA:71,0
DA:77,1
DA:78,0
DA:84,1
DA:86,1
DA:87,0
DA:93,1
DA:95,1
DA:96,1
DA:102,0
DA:103,0
DA:108,6
DA:109,1
DA:110,1
DA:111,1
DA:113,1
DA:114,0
DA:120,1
DA:122,1
DA:123,1
DA:125,1
DA:126,1
DA:127,1
DA:134,0
DA:140,0
DA:141,0
DA:149,6
DA:150,3
DA:151,3
DA:152,3
DA:154,2
DA:155,1
DA:161,1
DA:168,1
DA:169,1
DA:176,6
DA:177,2
DA:179,2
DA:180,2
DA:181,2
DA:183,2
DA:184,0
DA:190,2
DA:192,2
DA:193,0
DA:199,2
DA:200,0
DA:206,2
DA:207,0
DA:213,2
DA:214,0
DA:220,2
DA:221,2
DA:224,2
DA:226,2
DA:227,1
DA:238,1
DA:245,0
DA:246,0
DA:254,6
LF:87
LH:69
BRDA:32,0,0,1
BRDA:56,1,0,0
BRDA:63,2,0,0
BRDA:70,3,0,0
BRDA:77,4,0,0
BRDA:86,5,0,0
BRDA:113,6,0,0
BRDA:125,7,0,1
BRDA:125,7,1,0
BRDA:154,8,0,1
BRDA:154,8,1,1
BRDA:183,9,0,0
BRDA:192,10,0,0
BRDA:192,11,0,2
BRDA:192,11,1,0
BRDA:199,12,0,0
BRDA:206,13,0,0
BRDA:206,14,0,2
BRDA:206,14,1,2
BRDA:213,15,0,0
BRDA:213,16,0,2
BRDA:213,16,1,2
BRDA:220,17,0,2
BRDA:226,18,0,1
BRDA:226,18,1,1
BRF:25
BRH:12
end_of_record
TN:
SF:src\middlewares\role.access.ts
FN:5,(anonymous_1)
FN:31,(anonymous_2)
FNF:2
FNH:2
FNDA:4,(anonymous_1)
FNDA:3,(anonymous_2)
DA:2,2
DA:3,2
DA:5,2
DA:6,4
DA:8,4
DA:9,0
DA:11,4
DA:12,4
DA:13,4
DA:14,3
DA:16,3
DA:17,2
DA:19,1
DA:22,1
DA:23,1
DA:31,2
DA:32,3
DA:34,3
DA:35,0
DA:37,3
DA:39,3
DA:40,3
DA:41,2
DA:42,1
DA:44,1
DA:47,1
DA:48,1
DA:57,2
LF:28
LH:26
BRDA:8,0,0,0
BRDA:8,0,1,4
BRDA:16,1,0,2
BRDA:16,1,1,1
BRDA:16,2,0,3
BRDA:16,2,1,2
BRDA:34,3,0,0
BRDA:34,3,1,3
BRDA:41,4,0,1
BRDA:41,4,1,1
BRF:10
BRH:8
end_of_record
